TN:
SF:/Users/hfn/Dropbox/dev/me-api/app.js
FN:20,(anonymous_0)
FN:28,(anonymous_1)
FN:36,(anonymous_2)
FN:44,(anonymous_3)
FN:54,(anonymous_4)
FN:60,(anonymous_5)
FNF:6
FNH:0
FNDA:0,(anonymous_0)
FNDA:0,(anonymous_1)
FNDA:0,(anonymous_2)
FNDA:0,(anonymous_3)
FNDA:0,(anonymous_4)
FNDA:0,(anonymous_5)
DA:1,1
DA:2,1
DA:3,1
DA:4,1
DA:6,1
DA:7,1
DA:9,1
DA:12,1
DA:14,0
DA:17,1
DA:20,1
DA:21,0
DA:28,1
DA:29,0
DA:36,1
DA:37,0
DA:44,1
DA:45,0
DA:52,1
DA:54,1
DA:55,0
DA:56,0
DA:57,0
DA:60,1
DA:61,0
DA:62,0
DA:65,0
DA:76,1
LF:28
LH:17
BRDA:12,0,0,0
BRDA:12,0,1,1
BRDA:61,1,0,0
BRDA:61,1,1,0
BRDA:65,2,0,0
BRDA:65,2,1,0
BRF:6
BRH:1
end_of_record
TN:
SF:/Users/hfn/Dropbox/dev/me-api/routes/hello.js
FN:4,(anonymous_0)
FNF:1
FNH:0
FNDA:0,(anonymous_0)
DA:1,1
DA:2,1
DA:4,1
DA:5,0
DA:11,0
DA:14,1
LF:6
LH:4
BRF:0
BRH:0
end_of_record
TN:
SF:/Users/hfn/Dropbox/dev/me-api/routes/index.js
FN:4,(anonymous_0)
FNF:1
FNH:1
FNDA:1,(anonymous_0)
DA:1,1
DA:2,1
DA:4,1
DA:5,1
DA:11,1
DA:14,1
LF:6
LH:6
BRF:0
BRH:0
end_of_record
